<?xml version="1.0" encoding="UTF-8"?>
<!-- Generated by org.testng.reporters.JUnitReportReporter -->
<testsuite hostname="DESKTOP-IT1SSOU" failures="0" tests="3" name="Test.TestNGTest1" time="92.802" errors="0" timestamp="2022-09-28T13:08:18 IST" skipped="0">
  <testcase classname="Test.TestNGTest1" name="VerifyMessageButtonActivity" time="33.049"/>
  <system-out/>
  <testcase classname="Test.TestNGTest1" name="VerifyUnfrienButtonActivity" time="28.371"/>
  <system-out/>
  <testcase classname="Test.TestNGTest1" name="VerifyMessageButtonActivity" time="31.382"/>
  <system-out/>
</testsuite> <!-- Test.TestNGTest1 -->
