<?xml version="1.0" encoding="UTF-8"?>
<!-- Generated by org.testng.reporters.JUnitReportReporter -->
<testsuite hostname="DESKTOP-IT1SSOU" failures="0" tests="1" name="TestNgMessengercodes" time="33.455" errors="0" timestamp="2022-09-28T10:19:25 IST" skipped="0">
  <testcase classname="TestNgMessengercodes" name="VerifyMessenger" time="33.455"/>
  <system-out/>
</testsuite> <!-- TestNgMessengercodes -->
