<?xml version="1.0" encoding="UTF-8"?>
<!-- Generated by org.testng.reporters.JUnitReportReporter -->
<testsuite hostname="DESKTOP-IT1SSOU" failures="0" tests="2" name="Test.TestNGMessenger" time="63.607" errors="0" timestamp="2022-09-28T13:08:18 IST" skipped="0">
  <testcase classname="Test.TestNGMessenger" name="VerifyMessenger" time="30.856"/>
  <system-out/>
  <testcase classname="Test.TestNGMessenger" name="VerifyMessenger" time="32.751"/>
  <system-out/>
</testsuite> <!-- Test.TestNGMessenger -->
